2025-08-23 12:29:15,256 - rif_auto_reindex_4315623680 - INFO - AutoReindexingScheduler initialized successfully
2025-08-23 12:29:15,256 - rif_auto_reindex_4315623680 - INFO - Scheduler loop started
2025-08-23 12:29:15,256 - rif_auto_reindex_4315623680 - INFO - Auto-reindexing scheduler started successfully
2025-08-23 12:29:15,362 - rif_auto_reindex_4315623680 - INFO - Scheduled reindex job d2142228-546a-4914-aef6-874ac4e136c0: module (priority: MEDIUM)
2025-08-23 12:29:15,468 - rif_auto_reindex_4315623680 - INFO - Scheduled reindex job 50fd2a60-2604-4a7c-8f6b-5b39e12a411a: class (priority: MEDIUM)
2025-08-23 12:29:15,573 - rif_auto_reindex_4315623680 - INFO - Scheduled reindex job 22d08091-8310-4a0e-a172-305f2591056f: function (priority: LOW)
2025-08-23 12:29:15,678 - rif_auto_reindex_4315623680 - INFO - Scheduled reindex job 7454e650-fa87-48d1-8fc2-ef4ecb1b3d25: configuration (priority: MEDIUM)
2025-08-23 12:29:26,251 - rif_auto_reindex_4315623680 - INFO - Stopping auto-reindexing scheduler...
2025-08-23 12:29:30,374 - rif_auto_reindex_4315623680 - INFO - Scheduler loop ended
2025-08-23 12:29:30,374 - rif_auto_reindex_4315623680 - INFO - Auto-reindexing scheduler stopped successfully
2025-08-23 12:29:32,378 - rif_auto_reindex_4359761584 - INFO - AutoReindexingScheduler initialized successfully
2025-08-23 12:29:32,379 - rif_auto_reindex_4359761584 - INFO - Scheduler loop started
2025-08-23 12:29:32,379 - rif_auto_reindex_4359761584 - INFO - Auto-reindexing scheduler started successfully
2025-08-23 12:29:32,487 - rif_auto_reindex_4359761584 - INFO - Scheduled reindex job a037cac1-cc83-4f1c-9d92-adb671de473d: test_entity (priority: MEDIUM)
2025-08-23 12:29:32,592 - rif_auto_reindex_4359761584 - INFO - Scheduled reindex job 99958673-6f98-425a-8a4a-c0324ff01936: test_entity (priority: MEDIUM)
2025-08-23 12:29:32,694 - rif_auto_reindex_4359761584 - INFO - Scheduled reindex job 8237b0e8-2e78-4e28-bc61-5041c5b03941: test_entity (priority: MEDIUM)
2025-08-23 12:29:32,796 - rif_auto_reindex_4359761584 - INFO - Scheduled reindex job c20d2c63-666c-424a-8a9e-4d3714b65a65: test_entity (priority: MEDIUM)
2025-08-23 12:29:32,902 - rif_auto_reindex_4359761584 - INFO - Scheduled reindex job 86fabc28-261f-4736-90d8-d8044387f738: test_entity (priority: MEDIUM)
2025-08-23 12:29:37,907 - rif_auto_reindex_4359761584 - INFO - Stopping auto-reindexing scheduler...
2025-08-23 12:29:42,602 - rif_auto_reindex_4359761584 - INFO - Scheduler loop ended
2025-08-23 12:29:42,602 - rif_auto_reindex_4359761584 - INFO - Auto-reindexing scheduler stopped successfully
2025-08-23 12:29:48,722 - rif_auto_reindex_4359873248 - INFO - AutoReindexingScheduler initialized successfully
2025-08-23 12:29:48,722 - rif_auto_reindex_4359873248 - INFO - Scheduler loop started
2025-08-23 12:29:48,722 - rif_auto_reindex_4359873248 - INFO - Auto-reindexing scheduler started successfully
2025-08-23 12:29:48,828 - rif_auto_reindex_4359873248 - INFO - Scheduled reindex job a19c3009-c064-4d86-99b4-397551c859db: entities (priority: CRITICAL)
2025-08-23 12:29:48,930 - rif_auto_reindex_4359873248 - INFO - Scheduled reindex job 4bb9612e-e084-4fd5-907f-2bab308d75a6: relationships (priority: MEDIUM)
2025-08-23 12:29:48,930 - rif_auto_reindex_4359873248 - INFO - Scheduled 2 reindex jobs from validation issues
2025-08-23 12:29:52,042 - rif_auto_reindex_4359873248 - INFO - Stopping auto-reindexing scheduler...
2025-08-23 12:29:53,832 - rif_auto_reindex_4359873248 - INFO - Scheduler loop ended
2025-08-23 12:29:53,833 - rif_auto_reindex_4359873248 - INFO - Auto-reindexing scheduler stopped successfully
2025-08-23 12:29:55,838 - rif_auto_reindex_4359874976 - INFO - AutoReindexingScheduler initialized successfully
2025-08-23 12:29:55,838 - rif_auto_reindex_4359874976 - INFO - Scheduler loop started
2025-08-23 12:29:55,839 - rif_auto_reindex_4359874976 - INFO - Auto-reindexing scheduler started successfully
2025-08-23 12:29:55,946 - rif_auto_reindex_4359874976 - INFO - Scheduled reindex job 3c020e24-8f54-4334-9ce2-8484d2f45468: function (priority: LOW)
2025-08-23 12:29:56,048 - rif_auto_reindex_4359874976 - INFO - Scheduled reindex job b3e98e07-bcf4-410e-a17f-9850723287a8: function (priority: LOW)
2025-08-23 12:29:56,149 - rif_auto_reindex_4359874976 - INFO - Scheduled reindex job 1dd56599-eba9-4ba2-8018-8c14a6c1440b: function (priority: LOW)
2025-08-23 12:29:56,252 - rif_auto_reindex_4359874976 - INFO - Scheduled reindex job 0139a854-1544-4e6e-a705-b9789e2de026: function (priority: LOW)
2025-08-23 12:29:56,355 - rif_auto_reindex_4359874976 - INFO - Scheduled reindex job 47b52583-fd4f-4ac9-9c4b-3a7df505b547: function (priority: LOW)
2025-08-23 12:29:56,461 - rif_auto_reindex_4359874976 - INFO - Scheduled reindex job 04b9ee82-07b8-4cf7-8b85-9fd15b8498e7: function (priority: LOW)
2025-08-23 12:29:56,563 - rif_auto_reindex_4359874976 - INFO - Scheduled reindex job 3b83f0c5-2ab2-43da-a04e-ca30ec480834: function (priority: LOW)
2025-08-23 12:29:56,669 - rif_auto_reindex_4359874976 - INFO - Scheduled reindex job 47d8da2b-4f25-48aa-86b7-6f65f3874e09: function (priority: LOW)
2025-08-23 12:30:01,675 - rif_auto_reindex_4359874976 - INFO - Stopping auto-reindexing scheduler...
2025-08-23 12:30:06,064 - rif_auto_reindex_4359874976 - INFO - Scheduler loop ended
2025-08-23 12:30:06,064 - rif_auto_reindex_4359874976 - INFO - Auto-reindexing scheduler stopped successfully
2025-08-23 12:30:08,071 - rif_auto_reindex_4359959840 - INFO - AutoReindexingScheduler initialized successfully
2025-08-23 12:30:08,072 - rif_auto_reindex_4359959840 - INFO - Scheduler loop started
2025-08-23 12:30:08,072 - rif_auto_reindex_4359959840 - INFO - Auto-reindexing scheduler started successfully
2025-08-23 12:30:08,177 - rif_auto_reindex_4359959840 - INFO - Scheduled reindex job bf4f039f-1ded-4e59-a2f5-787a59ceb28d: perf_test_0 (priority: MEDIUM)
2025-08-23 12:30:08,283 - rif_auto_reindex_4359959840 - INFO - Scheduled reindex job 8a93d5da-1946-4963-b692-ccfb788f2247: perf_test_1 (priority: MEDIUM)
2025-08-23 12:30:08,388 - rif_auto_reindex_4359959840 - INFO - Scheduled reindex job 6445a21d-5e1c-472c-a30c-f438c63caec0: perf_test_2 (priority: MEDIUM)
2025-08-23 12:30:08,492 - rif_auto_reindex_4359959840 - INFO - Scheduled reindex job 8134da67-314a-411e-92d7-c8a8af8dbd58: perf_test_3 (priority: MEDIUM)
2025-08-23 12:30:08,596 - rif_auto_reindex_4359959840 - INFO - Scheduled reindex job d1b5b6b3-c7ea-4db1-b8af-e6c5ae11d132: perf_test_4 (priority: MEDIUM)
2025-08-23 12:30:08,698 - rif_auto_reindex_4359959840 - INFO - Scheduled reindex job 0ac5aeb3-8727-449a-bcdb-b31ce4928dc4: perf_test_5 (priority: MEDIUM)
2025-08-23 12:30:08,804 - rif_auto_reindex_4359959840 - INFO - Scheduled reindex job 1773926a-b10c-4195-b6db-fe768d8afb59: perf_test_6 (priority: MEDIUM)
2025-08-23 12:30:08,910 - rif_auto_reindex_4359959840 - INFO - Scheduled reindex job 03343e10-745a-410d-807d-e2e79219c071: perf_test_7 (priority: MEDIUM)
2025-08-23 12:30:09,014 - rif_auto_reindex_4359959840 - INFO - Scheduled reindex job a53dcc28-080c-4b0a-806a-857b908a2b85: perf_test_8 (priority: MEDIUM)
2025-08-23 12:30:09,114 - rif_auto_reindex_4359959840 - INFO - Scheduled reindex job 5c79476c-4e5f-47f1-be41-755c90e628cb: perf_test_9 (priority: MEDIUM)
2025-08-23 12:30:13,223 - rif_auto_reindex_4359959840 - INFO - Stopping auto-reindexing scheduler...
2025-08-23 12:30:18,292 - rif_auto_reindex_4359959840 - INFO - Scheduler loop ended
2025-08-23 12:30:18,292 - rif_auto_reindex_4359959840 - INFO - Auto-reindexing scheduler stopped successfully
2025-08-23 13:52:44,038 - rif_auto_reindex_4379651904 - INFO - AutoReindexingScheduler initialized successfully
2025-08-23 13:52:44,038 - rif_auto_reindex_4379651904 - INFO - Scheduler loop started
2025-08-23 13:52:44,038 - rif_auto_reindex_4379651904 - INFO - Auto-reindexing scheduler started successfully
2025-08-23 13:52:44,144 - rif_auto_reindex_4379651904 - INFO - Scheduled reindex job b5af70b9-e79d-4b2a-a394-082eea0d74e6: test_entity (priority: MEDIUM)
2025-08-23 13:52:47,257 - rif_auto_reindex_4379651904 - INFO - Stopping auto-reindexing scheduler...
2025-08-23 13:52:49,149 - rif_auto_reindex_4379651904 - INFO - Scheduler loop ended
2025-08-23 13:52:49,150 - rif_auto_reindex_4379651904 - INFO - Auto-reindexing scheduler stopped successfully
2025-08-23 13:53:55,496 - rif_auto_reindex_4372582304 - INFO - AutoReindexingScheduler initialized successfully
2025-08-23 13:53:55,496 - rif_auto_reindex_4372582304 - INFO - Scheduler loop started
2025-08-23 13:53:55,496 - rif_auto_reindex_4372582304 - INFO - Auto-reindexing scheduler started successfully
2025-08-23 13:53:55,602 - rif_auto_reindex_4372582304 - INFO - Scheduled reindex job 57de5bd5-4dd5-40e1-9178-b5b3705dc6fe: test_entity (priority: MEDIUM)
2025-08-23 13:54:00,713 - rif_auto_reindex_4372582304 - INFO - Stopping auto-reindexing scheduler...
2025-08-23 13:54:05,713 - rif_auto_reindex_4372582304 - INFO - Scheduler loop ended
2025-08-23 13:54:05,714 - rif_auto_reindex_4372582304 - INFO - Auto-reindexing scheduler stopped successfully
2025-08-23 13:54:42,045 - rif_auto_reindex_4376711072 - INFO - AutoReindexingScheduler initialized successfully
2025-08-23 13:54:42,045 - rif_auto_reindex_4376711072 - INFO - Scheduler loop started
2025-08-23 13:54:42,045 - rif_auto_reindex_4376711072 - INFO - Auto-reindexing scheduler started successfully
2025-08-23 13:54:42,150 - rif_auto_reindex_4376711072 - INFO - Scheduled reindex job 3cf0a570-2924-4c9f-bc28-bd60315a44f6: test_entity (priority: MEDIUM)
2025-08-23 13:54:42,150 - rif_auto_reindex_4376711072 - INFO - Starting job 3cf0a570-2924-4c9f-bc28-bd60315a44f6: test_entity (priority: MEDIUM)
2025-08-23 13:54:47,156 - rif_auto_reindex_4376711072 - INFO - Stopping auto-reindexing scheduler...
2025-08-23 13:54:47,386 - rif_auto_reindex_4376711072 - INFO - Scheduler loop ended
2025-08-23 13:54:47,387 - rif_auto_reindex_4376711072 - INFO - Auto-reindexing scheduler stopped successfully
2025-08-23 13:54:53,415 - rif_auto_reindex_4381668592 - INFO - AutoReindexingScheduler initialized successfully
2025-08-23 13:55:18,325 - rif_auto_reindex_4304378560 - INFO - AutoReindexingScheduler initialized successfully
2025-08-23 13:55:18,325 - rif_auto_reindex_4304378560 - INFO - Scheduler loop started
2025-08-23 13:55:18,325 - rif_auto_reindex_4304378560 - INFO - Auto-reindexing scheduler started successfully
2025-08-23 13:55:18,432 - rif_auto_reindex_4304378560 - INFO - Scheduled reindex job 1660eb65-0f63-4bca-8a8c-cab4ffad210a: test_entity (priority: MEDIUM)
2025-08-23 13:55:18,432 - rif_auto_reindex_4304378560 - INFO - Starting job 1660eb65-0f63-4bca-8a8c-cab4ffad210a: test_entity (priority: MEDIUM)
2025-08-23 13:55:21,438 - rif_auto_reindex_4304378560 - INFO - Stopping auto-reindexing scheduler...
2025-08-23 13:55:21,553 - rif_auto_reindex_4304378560 - INFO - Scheduler loop ended
2025-08-23 13:55:21,553 - rif_auto_reindex_4304378560 - INFO - Auto-reindexing scheduler stopped successfully
2025-08-23 13:55:28,547 - rif_auto_reindex_4307005248 - INFO - AutoReindexingScheduler initialized successfully
2025-08-23 13:55:28,547 - rif_auto_reindex_4307005248 - INFO - Scheduler loop started
2025-08-23 13:55:28,547 - rif_auto_reindex_4307005248 - INFO - Auto-reindexing scheduler started successfully
2025-08-23 13:55:28,653 - rif_auto_reindex_4307005248 - INFO - Scheduled reindex job 522b25b9-1b12-4636-b3fd-3de5b1a0bb94: test_entity (priority: MEDIUM)
2025-08-23 13:55:28,653 - rif_auto_reindex_4307005248 - INFO - Starting job 522b25b9-1b12-4636-b3fd-3de5b1a0bb94: test_entity (priority: MEDIUM)
2025-08-23 13:55:30,658 - rif_auto_reindex_4307005248 - INFO - Stopping auto-reindexing scheduler...
2025-08-23 13:55:30,660 - rif_auto_reindex_4307005248 - INFO - Scheduler loop ended
2025-08-23 13:55:30,660 - rif_auto_reindex_4307005248 - INFO - Auto-reindexing scheduler stopped successfully
2025-08-23 13:56:06,301 - rif_auto_reindex_4335988544 - INFO - AutoReindexingScheduler initialized successfully
2025-08-23 13:56:06,302 - rif_auto_reindex_4335988544 - INFO - Scheduler loop started
2025-08-23 13:56:06,302 - rif_auto_reindex_4335988544 - INFO - Auto-reindexing scheduler started successfully
2025-08-23 13:56:06,302 - rif_auto_reindex_4335988544 - DEBUG - Scheduler loop iteration - queue size: 0
2025-08-23 13:56:06,407 - rif_auto_reindex_4335988544 - INFO - Scheduled reindex job b28c17bc-b40e-451d-b57a-6cd377ea9c67: test_entity (priority: MEDIUM)
2025-08-23 13:56:06,407 - rif_auto_reindex_4335988544 - DEBUG - Retrieved job b28c17bc-b40e-451d-b57a-6cd377ea9c67 from queue
2025-08-23 13:56:06,407 - rif_auto_reindex_4335988544 - INFO - Starting job b28c17bc-b40e-451d-b57a-6cd377ea9c67: test_entity (priority: MEDIUM)
2025-08-23 13:56:06,407 - rif_auto_reindex_4335988544 - DEBUG - Rescheduled job b28c17bc-b40e-451d-b57a-6cd377ea9c67 due to resource constraints
2025-08-23 13:56:06,407 - rif_auto_reindex_4335988544 - DEBUG - Scheduler loop iteration - queue size: 1
2025-08-23 13:56:06,407 - rif_auto_reindex_4335988544 - DEBUG - Retrieved job b28c17bc-b40e-451d-b57a-6cd377ea9c67 from queue
2025-08-23 13:56:07,412 - rif_auto_reindex_4335988544 - DEBUG - Scheduler loop iteration - queue size: 1
2025-08-23 13:56:07,413 - rif_auto_reindex_4335988544 - DEBUG - Retrieved job b28c17bc-b40e-451d-b57a-6cd377ea9c67 from queue
2025-08-23 13:56:08,418 - rif_auto_reindex_4335988544 - DEBUG - Scheduler loop iteration - queue size: 1
2025-08-23 13:56:08,523 - rif_auto_reindex_4335988544 - DEBUG - Retrieved job b28c17bc-b40e-451d-b57a-6cd377ea9c67 from queue
2025-08-23 13:56:09,410 - rif_auto_reindex_4335988544 - INFO - Stopping auto-reindexing scheduler...
2025-08-23 13:56:09,529 - rif_auto_reindex_4335988544 - INFO - Scheduler loop ended
2025-08-23 13:56:09,529 - rif_auto_reindex_4335988544 - INFO - Auto-reindexing scheduler stopped successfully
2025-08-23 13:56:38,596 - rif_auto_reindex_4340862880 - INFO - AutoReindexingScheduler initialized successfully
2025-08-23 13:56:38,596 - rif_auto_reindex_4340862880 - INFO - Scheduler loop started
2025-08-23 13:56:38,596 - rif_auto_reindex_4340862880 - INFO - Auto-reindexing scheduler started successfully
2025-08-23 13:56:38,596 - rif_auto_reindex_4340862880 - INFO - Scheduled reindex job e482dba1-2f29-44b7-be98-c42917213003: test_entity (priority: HIGH)
2025-08-23 13:56:38,703 - rif_auto_reindex_4340862880 - INFO - Starting job e482dba1-2f29-44b7-be98-c42917213003: test_entity (priority: HIGH)
2025-08-23 13:56:38,703 - rif_auto_reindex_4340862880 - INFO - Handling general reindex for test_entity
2025-08-23 13:56:38,858 - rif_auto_reindex_4340862880 - INFO - Completed job e482dba1-2f29-44b7-be98-c42917213003 in 0.16s
2025-08-23 13:56:43,602 - rif_auto_reindex_4340862880 - INFO - Stopping auto-reindexing scheduler...
2025-08-23 13:56:44,086 - rif_auto_reindex_4340862880 - INFO - Scheduler loop ended
2025-08-23 13:56:44,087 - rif_auto_reindex_4340862880 - INFO - Auto-reindexing scheduler stopped successfully
2025-08-23 13:57:56,488 - rif_auto_reindex_4307898272 - INFO - AutoReindexingScheduler initialized successfully
2025-08-23 13:57:56,489 - rif_auto_reindex_4307898272 - INFO - Scheduler loop started
2025-08-23 13:57:56,489 - rif_auto_reindex_4307898272 - INFO - Auto-reindexing scheduler started successfully
2025-08-23 13:57:56,589 - rif_auto_reindex_4307898272 - INFO - Scheduled reindex job 4f0a420f-88c9-41a9-b8af-19bc2a8abdb5: test_entity (priority: CRITICAL)
2025-08-23 13:57:56,595 - rif_auto_reindex_4307898272 - INFO - Starting job 4f0a420f-88c9-41a9-b8af-19bc2a8abdb5: test_entity (priority: CRITICAL)
2025-08-23 13:57:56,595 - rif_auto_reindex_4307898272 - INFO - Handling general reindex for test_entity
2025-08-23 13:57:56,695 - rif_auto_reindex_4307898272 - INFO - Scheduled reindex job 7a69ddeb-4a82-47cf-bb22-79ed083c7033: test_entity (priority: HIGH)
2025-08-23 13:57:56,699 - rif_auto_reindex_4307898272 - INFO - Completed job 4f0a420f-88c9-41a9-b8af-19bc2a8abdb5 in 0.10s
2025-08-23 13:57:56,699 - rif_auto_reindex_4307898272 - INFO - Starting job 7a69ddeb-4a82-47cf-bb22-79ed083c7033: test_entity (priority: HIGH)
2025-08-23 13:57:56,699 - rif_auto_reindex_4307898272 - INFO - Handling general reindex for test_entity
2025-08-23 13:57:56,800 - rif_auto_reindex_4307898272 - INFO - Scheduled reindex job 953a86fe-199c-4982-83cd-395b5039d14e: test_entity (priority: MEDIUM)
2025-08-23 13:57:56,852 - rif_auto_reindex_4307898272 - INFO - Completed job 7a69ddeb-4a82-47cf-bb22-79ed083c7033 in 0.15s
2025-08-23 13:57:56,852 - rif_auto_reindex_4307898272 - INFO - Starting job 953a86fe-199c-4982-83cd-395b5039d14e: test_entity (priority: MEDIUM)
2025-08-23 13:58:04,805 - rif_auto_reindex_4307898272 - INFO - Stopping auto-reindexing scheduler...
2025-08-23 13:58:05,197 - rif_auto_reindex_4307898272 - INFO - Scheduler loop ended
2025-08-23 13:58:05,198 - rif_auto_reindex_4307898272 - INFO - Auto-reindexing scheduler stopped successfully
