
==========================================
   RIF Knowledge Base Deployment
==========================================

[0;34m[INFO][0m Checking prerequisites...
[0;32m[SUCCESS][0m Prerequisites check passed
[0;34m[INFO][0m Analyzing current knowledge base state...
[0;32m[SUCCESS][0m Analysis complete - report saved to /Users/cal/dev/rif/knowledge_backup/pre_cleanup_analysis.txt
[0;34m[INFO][0m Current state: 7.3M total,      444 files
[0;34m[INFO][0m Creating backup of knowledge base...
[0;32m[SUCCESS][0m Backup created: /Users/cal/dev/rif/knowledge_backup/knowledge_pre_cleanup_20250825_040012.tar.gz (1.2M)
[0;34m[INFO][0m Rollback script created: /Users/cal/dev/rif/knowledge_backup/rollback_20250825_040012.sh
[0;34m[INFO][0m Performing knowledge base cleanup...
[0;34m[INFO][0m Running in DRY RUN mode - no changes will be made
[0;32m[SUCCESS][0m Dry run completed successfully
[0;34m[INFO][0m Skipping validation in dry run mode
[0;34m[INFO][0m Skipping deployment package creation in dry run mode

==========================================
   KNOWLEDGE BASE DEPLOYMENT SUMMARY
==========================================

[0;34m[INFO][0m DRY RUN MODE - No actual changes made
[0;34m[INFO][0m Remove --dry-run flag to perform actual deployment

